<?xml version="1.0" encoding="UTF-8"?>
<!-- Generated by org.testng.reporters.JUnitReportReporter -->
<testsuite hostname="Rajithas-MBP" failures="0" tests="3" name="CarRentalServiceTest" time="0.071" errors="0" timestamp="28 Jan 2019 06:30:46 GMT" skipped="0">
  <testcase classname="CarRentalServiceTest" name="printsBlueTeslasWithnotes" time="0.003"/>
  <testcase classname="CarRentalServiceTest" name="getCarsWithLowestRentalCost" time="0.063"/>
  <testcase classname="CarRentalServiceTest" name="getHighestRevenueGeneratingCars" time="0.005"/>
</testsuite> <!-- CarRentalServiceTest -->
